{
  "RSpec": {
    "coverage": {
      "/usr/home/ruupert/school/ror/eduroam-location-api/lib/g_map_handler.rb": [
        1,
        1,
        1,
        0,
        0,
        null,
        null,
        null,
        0,
        null,
        0,
        0,
        null,
        null,
        null,
        0,
        0,
        null,
        0,
        null,
        null,
        null,
        1,
        null,
        1,
        null,
        1,
        0,
        0,
        null,
        1,
        null,
        null,
        null,
        0,
        0,
        0,
        null,
        0,
        null,
        null,
        1,
        1,
        1,
        null,
        1,
        1,
        1,
        1,
        0,
        null,
        1,
        1,
        1,
        1,
        1,
        0,
        null,
        1,
        null,
        1,
        null,
        null,
        null,
        1,
        null,
        1,
        0,
        0,
        null,
        null
      ],
      "/usr/home/ruupert/school/ror/eduroam-location-api/app/serializers/api/v1/base_serializer.rb": [
        0,
        0,
        0,
        0,
        0,
        0,
        0,
        0,
        0,
        0,
        0,
        0
      ],
      "/usr/home/ruupert/school/ror/eduroam-location-api/app/serializers/api/v1/ssids_serializer.rb": [
        0,
        0,
        0
      ],
      "/usr/home/ruupert/school/ror/eduroam-location-api/app/models/location.rb": [
        0,
        0,
        0,
        0,
        0
      ],
      "/usr/home/ruupert/school/ror/eduroam-location-api/app/models/entry.rb": [
        0,
        0,
        0,
        0,
        0
      ],
      "/usr/home/ruupert/school/ror/eduroam-location-api/app/models/institution.rb": [
        0,
        0,
        0,
        0,
        0,
        0,
        0,
        0,
        0,
        0,
        0,
        0,
        0,
        0,
        0,
        0,
        0,
        0,
        0,
        0,
        0,
        0,
        0,
        0,
        0,
        0,
        0,
        0,
        0,
        0,
        0,
        0,
        0,
        0,
        0,
        0,
        0,
        0,
        0,
        0,
        0,
        0,
        0,
        0,
        0,
        0,
        0,
        0,
        0,
        0,
        0,
        0
      ],
      "/usr/home/ruupert/school/ror/eduroam-location-api/app/models/orgpolicy.rb": [
        0,
        0,
        0
      ],
      "/usr/home/ruupert/school/ror/eduroam-location-api/app/models/orgssid.rb": [
        0,
        0,
        0,
        0,
        0,
        0,
        0,
        0,
        0,
        0,
        0,
        0,
        0,
        0
      ],
      "/usr/home/ruupert/school/ror/eduroam-location-api/app/models/loc_name.rb": [
        0,
        0,
        0
      ],
      "/usr/home/ruupert/school/ror/eduroam-location-api/app/models/orgname.rb": [
        0,
        0,
        0,
        0,
        0
      ],
      "/usr/home/ruupert/school/ror/eduroam-location-api/app/models/orginfo.rb": [
        0,
        0,
        0,
        0
      ],
      "/usr/home/ruupert/school/ror/eduroam-location-api/app/controllers/api/v1/locations_controller.rb": [
        0,
        0,
        0,
        0,
        0,
        0,
        0,
        0,
        0,
        0,
        0
      ],
      "/usr/home/ruupert/school/ror/eduroam-location-api/app/controllers/api/v1/ssids_controller.rb": [
        0,
        0,
        0,
        0,
        0,
        0,
        0,
        0,
        0,
        0,
        0,
        0,
        0,
        0,
        0,
        0,
        0,
        0,
        0
      ],
      "/usr/home/ruupert/school/ror/eduroam-location-api/app/controllers/api/v1/base_controller.rb": [
        0,
        0,
        0,
        0,
        0,
        0,
        0,
        0,
        0,
        0,
        0,
        0,
        0
      ],
      "/usr/home/ruupert/school/ror/eduroam-location-api/app/controllers/api/v1/entries_controller.rb": [
        0,
        0,
        0,
        0,
        0,
        0,
        0,
        0,
        0,
        0,
        0,
        0,
        0,
        0,
        0
      ],
      "/usr/home/ruupert/school/ror/eduroam-location-api/app/controllers/application_controller.rb": [
        0,
        0,
        0,
        0,
        0
      ],
      "/usr/home/ruupert/school/ror/eduroam-location-api/app/controllers/institutions_controller.rb": [
        0,
        0,
        0,
        0,
        0,
        0,
        0,
        0,
        0,
        0,
        0,
        0,
        0,
        0,
        0,
        0,
        0,
        0,
        0,
        0,
        0,
        0,
        0,
        0,
        0,
        0,
        0,
        0,
        0,
        0,
        0,
        0,
        0,
        0,
        0,
        0,
        0,
        0,
        0,
        0,
        0,
        0,
        0,
        0,
        0,
        0,
        0,
        0,
        0,
        0,
        0,
        0,
        0,
        0,
        0,
        0,
        0,
        0,
        0,
        0,
        0,
        0,
        0,
        0,
        0,
        0,
        0,
        0,
        0,
        0,
        0,
        0,
        0,
        0,
        0,
        0,
        0,
        0,
        0,
        0,
        0,
        0,
        0,
        0,
        0,
        0,
        0,
        0,
        0,
        0,
        0,
        0,
        0,
        0,
        0,
        0,
        0,
        0,
        0,
        0,
        0,
        0,
        0,
        0,
        0,
        0,
        0,
        0,
        0,
        0,
        0,
        0,
        0,
        0,
        0,
        0,
        0,
        0,
        0,
        0,
        0,
        0,
        0,
        0,
        0,
        0,
        0,
        0,
        0,
        0,
        0,
        0,
        0,
        0,
        0,
        0,
        0,
        0,
        0,
        0,
        0,
        0,
        0,
        0,
        0,
        0,
        0,
        0,
        0,
        0
      ],
      "/usr/home/ruupert/school/ror/eduroam-location-api/app/controllers/exporter_controller.rb": [
        0,
        0,
        0,
        0,
        0,
        0,
        0
      ],
      "/usr/home/ruupert/school/ror/eduroam-location-api/app/helpers/exporter_helper.rb": [
        0,
        0
      ],
      "/usr/home/ruupert/school/ror/eduroam-location-api/app/helpers/institutions_helper.rb": [
        0,
        0,
        0,
        0,
        0,
        0,
        0,
        0,
        0,
        0,
        0,
        0,
        0,
        0,
        0,
        0,
        0,
        0,
        0,
        0,
        0,
        0,
        0,
        0,
        0,
        0,
        0,
        0,
        0,
        0,
        0,
        0,
        0,
        0,
        0,
        0,
        0,
        0,
        0,
        0,
        0,
        0,
        0,
        0,
        0,
        0,
        0,
        0,
        0,
        0,
        0,
        0,
        0,
        0,
        0,
        0,
        0,
        0,
        0,
        0,
        0,
        0,
        0,
        0,
        0,
        0,
        0,
        0,
        0,
        0,
        0,
        0,
        0,
        0,
        0,
        0,
        0,
        0,
        0,
        0,
        0,
        0,
        0,
        0,
        0,
        0,
        0,
        0,
        0,
        0,
        0,
        0,
        0,
        0,
        0,
        0,
        0,
        0,
        0,
        0,
        0,
        0,
        0,
        0,
        0,
        0,
        0,
        0,
        0,
        0,
        0,
        0,
        0,
        0,
        0,
        0,
        0,
        0,
        0,
        0,
        0,
        0,
        0,
        0,
        0,
        0,
        0,
        0,
        0,
        0,
        0,
        0,
        0,
        0,
        0,
        0,
        0,
        0,
        0,
        0,
        0,
        0,
        0,
        0,
        0,
        0,
        0,
        0,
        0,
        0,
        0
      ],
      "/usr/home/ruupert/school/ror/eduroam-location-api/app/helpers/application_helper.rb": [
        0,
        0
      ]
    },
    "timestamp": 1491966009
  }
}
