{
  "RSpec": {
    "coverage": {
      "/usr/home/ruupert/school/ror/eduroam-location-api/app/helpers/application_helper.rb": [
        1,
        null
      ],
      "/usr/home/ruupert/school/ror/eduroam-location-api/app/helpers/exporter_helper.rb": [
        1,
        null
      ],
      "/usr/home/ruupert/school/ror/eduroam-location-api/app/helpers/institutions_helper.rb": [
        1,
        null,
        1,
        null,
        null,
        null,
        null,
        null,
        null,
        null,
        null,
        null,
        null,
        null,
        null,
        null,
        null,
        null,
        null,
        null,
        null,
        null,
        1,
        1,
        null,
        1,
        1,
        1,
        1,
        null,
        null,
        null,
        1,
        33,
        null,
        1,
        2,
        2,
        2,
        2,
        2,
        2,
        2,
        2,
        2,
        2,
        4,
        4,
        4,
        null,
        null,
        2,
        4,
        4,
        4,
        null,
        null,
        2,
        4,
        4,
        4,
        null,
        2,
        0,
        0,
        null,
        null,
        null,
        2,
        7,
        7,
        7,
        7,
        7,
        7,
        7,
        14,
        14,
        14,
        null,
        null,
        7,
        7,
        7,
        7,
        7,
        7,
        7,
        7,
        7,
        7,
        7,
        7,
        7,
        7,
        7,
        7,
        7,
        7,
        null,
        7,
        0,
        null,
        7,
        0,
        null,
        7,
        1,
        null,
        null,
        7,
        7,
        7,
        7,
        7,
        null,
        7,
        7,
        null,
        null,
        null,
        null,
        null,
        null,
        1,
        7,
        7,
        null,
        null,
        null,
        null,
        null,
        null,
        null,
        null,
        null,
        null,
        7,
        7,
        7,
        null,
        null,
        null,
        1,
        null,
        null,
        null,
        null,
        null,
        null
      ],
      "/usr/home/ruupert/school/ror/eduroam-location-api/app/controllers/exporter_controller.rb": [
        1,
        1,
        null,
        null,
        1,
        null,
        null
      ],
      "/usr/home/ruupert/school/ror/eduroam-location-api/app/controllers/application_controller.rb": [
        1,
        null,
        null,
        1,
        null
      ],
      "/usr/home/ruupert/school/ror/eduroam-location-api/spec/controllers/institutions_controller_spec.rb": [
        1,
        null,
        null,
        null,
        null,
        null,
        null,
        null,
        null,
        null,
        null,
        null,
        null,
        null,
        null,
        null,
        null,
        null,
        null,
        null,
        1,
        null,
        null,
        null,
        null,
        1,
        13,
        null,
        null,
        1,
        2,
        null,
        null,
        null,
        null,
        null,
        2,
        null,
        1,
        1,
        1,
        0,
        0,
        null,
        null,
        null,
        1,
        1,
        1,
        0,
        0,
        null,
        null,
        null,
        1,
        1,
        1,
        1,
        null,
        null,
        null,
        1,
        1,
        1,
        0,
        0,
        null,
        null,
        null,
        1,
        1,
        1,
        1,
        1,
        null,
        null,
        null,
        1,
        1,
        0,
        0,
        null,
        null,
        1,
        1,
        0,
        null,
        null,
        null,
        1,
        1,
        1,
        0,
        null,
        null,
        1,
        1,
        0,
        null,
        null,
        null,
        null,
        1,
        1,
        1,
        0,
        null,
        null,
        1,
        1,
        0,
        0,
        0,
        null,
        null,
        1,
        1,
        0,
        0,
        null,
        null,
        1,
        1,
        0,
        0,
        null,
        null,
        null,
        1,
        1,
        1,
        0,
        0,
        null,
        null,
        1,
        1,
        0,
        0,
        null,
        null,
        null,
        null,
        1,
        1,
        1,
        0,
        0,
        null,
        null,
        null,
        1,
        1,
        0,
        0,
        null,
        null,
        null,
        null
      ],
      "/usr/home/ruupert/school/ror/eduroam-location-api/app/controllers/institutions_controller.rb": [
        1,
        1,
        1,
        null,
        null,
        null,
        null,
        1,
        1,
        null,
        null,
        null,
        null,
        1,
        null,
        null,
        null,
        1,
        1,
        1,
        1,
        1,
        1,
        1,
        1,
        null,
        null,
        null,
        1,
        0,
        0,
        0,
        0,
        0,
        null,
        0,
        0,
        null,
        null,
        null,
        null,
        null,
        null,
        null,
        null,
        null,
        null,
        null,
        null,
        null,
        null,
        null,
        null,
        null,
        null,
        null,
        1,
        0,
        null,
        0,
        0,
        0,
        0,
        null,
        0,
        0,
        null,
        null,
        null,
        null,
        null,
        null,
        1,
        0,
        0,
        0,
        0,
        null,
        0,
        0,
        null,
        null,
        null,
        null,
        null,
        null,
        1,
        0,
        0,
        0,
        0,
        null,
        null,
        null,
        null,
        1,
        null,
        null,
        null,
        1,
        null,
        null,
        0,
        null,
        0,
        0,
        0,
        null,
        0,
        0,
        null,
        0,
        0,
        0,
        0,
        0,
        null,
        0,
        0,
        null,
        0,
        null,
        null,
        null,
        null,
        null,
        null,
        1,
        null,
        1,
        0,
        null,
        null,
        null,
        1,
        0,
        null,
        null,
        null,
        null,
        null,
        null,
        null,
        null,
        null,
        null,
        null,
        null,
        null,
        null
      ],
      "/usr/home/ruupert/school/ror/eduroam-location-api/spec/helpers/exporter_helper_spec.rb": [
        1,
        null,
        null,
        null,
        null,
        null,
        null,
        null,
        null,
        null,
        null,
        null,
        1,
        1,
        null
      ],
      "/usr/home/ruupert/school/ror/eduroam-location-api/spec/helpers/institutions_helper_spec.rb": [
        1,
        null,
        null,
        null,
        null,
        null,
        null,
        null,
        null,
        null,
        null,
        1,
        null,
        1,
        1,
        1,
        null,
        null
      ],
      "/usr/home/ruupert/school/ror/eduroam-location-api/spec/lib/g_map_handler_spec.rb": [
        1,
        1,
        1,
        1,
        1,
        1,
        null,
        null,
        null,
        null
      ],
      "/usr/home/ruupert/school/ror/eduroam-location-api/lib/g_map_handler.rb": [
        1,
        1,
        1,
        0,
        0,
        null,
        null,
        null,
        0,
        null,
        0,
        0,
        null,
        null,
        null,
        0,
        0,
        null,
        0,
        null,
        null,
        null,
        1,
        null,
        1,
        null,
        1,
        0,
        0,
        null,
        1,
        null,
        null,
        null,
        0,
        0,
        0,
        null,
        0,
        null,
        null,
        1,
        1,
        1,
        null,
        1,
        1,
        1,
        1,
        0,
        null,
        1,
        1,
        1,
        1,
        1,
        0,
        null,
        1,
        null,
        1,
        null,
        null,
        null,
        1,
        null,
        1,
        0,
        0,
        null,
        null
      ],
      "/usr/home/ruupert/school/ror/eduroam-location-api/spec/models/entry_spec.rb": [
        1,
        null,
        1,
        1,
        null
      ],
      "/usr/home/ruupert/school/ror/eduroam-location-api/app/models/entry.rb": [
        1,
        1,
        1,
        1,
        null
      ],
      "/usr/home/ruupert/school/ror/eduroam-location-api/spec/models/institution_spec.rb": [
        1,
        null,
        1,
        1,
        null
      ],
      "/usr/home/ruupert/school/ror/eduroam-location-api/app/models/institution.rb": [
        1,
        1,
        1,
        1,
        1,
        1,
        1,
        1,
        1,
        1,
        1,
        1,
        1,
        null,
        1,
        1,
        null,
        null,
        1,
        5,
        5,
        5,
        null,
        null,
        null,
        1,
        1,
        null,
        null,
        null,
        1,
        0,
        null,
        null,
        1,
        0,
        null,
        null,
        null,
        1,
        1,
        5,
        null,
        null,
        null,
        1,
        5,
        5,
        5,
        null,
        null,
        null
      ],
      "/usr/home/ruupert/school/ror/eduroam-location-api/spec/models/loc_name_spec.rb": [
        1,
        null,
        1,
        1,
        null
      ],
      "/usr/home/ruupert/school/ror/eduroam-location-api/app/models/loc_name.rb": [
        1,
        1,
        null
      ],
      "/usr/home/ruupert/school/ror/eduroam-location-api/spec/models/location_spec.rb": [
        1,
        null,
        1,
        1,
        null
      ],
      "/usr/home/ruupert/school/ror/eduroam-location-api/app/models/location.rb": [
        1,
        1,
        1,
        1,
        null
      ],
      "/usr/home/ruupert/school/ror/eduroam-location-api/spec/models/orginfo_spec.rb": [
        1,
        null,
        1,
        1,
        null
      ],
      "/usr/home/ruupert/school/ror/eduroam-location-api/app/models/orginfo.rb": [
        1,
        1,
        null,
        null
      ],
      "/usr/home/ruupert/school/ror/eduroam-location-api/spec/models/orgname_spec.rb": [
        1,
        null,
        1,
        1,
        null
      ],
      "/usr/home/ruupert/school/ror/eduroam-location-api/app/models/orgname.rb": [
        1,
        1,
        1,
        null,
        null
      ],
      "/usr/home/ruupert/school/ror/eduroam-location-api/spec/models/orgpolicy_spec.rb": [
        1,
        null,
        1,
        1,
        null
      ],
      "/usr/home/ruupert/school/ror/eduroam-location-api/app/models/orgpolicy.rb": [
        1,
        1,
        null
      ],
      "/usr/home/ruupert/school/ror/eduroam-location-api/spec/models/orgssid_spec.rb": [
        1,
        null,
        1,
        1,
        null
      ],
      "/usr/home/ruupert/school/ror/eduroam-location-api/app/models/orgssid.rb": [
        1,
        1,
        1,
        null,
        null,
        null,
        null,
        1,
        0,
        null,
        null,
        null,
        null,
        null
      ],
      "/usr/home/ruupert/school/ror/eduroam-location-api/spec/requests/institutions_spec.rb": [
        1,
        null,
        1,
        1,
        1,
        1,
        1,
        null,
        null,
        null
      ],
      "/usr/home/ruupert/school/ror/eduroam-location-api/spec/routing/institutions_routing_spec.rb": [
        1,
        null,
        1,
        1,
        null,
        1,
        1,
        null,
        null,
        1,
        1,
        null,
        null,
        1,
        1,
        null,
        null,
        1,
        1,
        null,
        null,
        1,
        1,
        null,
        null,
        1,
        1,
        null,
        null,
        1,
        1,
        null,
        null,
        1,
        1,
        null,
        null,
        null,
        null
      ],
      "/usr/home/ruupert/school/ror/eduroam-location-api/spec/views/exporter/institutions.html.erb_spec.rb": [
        1,
        null,
        1,
        1,
        null
      ],
      "/usr/home/ruupert/school/ror/eduroam-location-api/spec/views/exporter/locations.html.erb_spec.rb": [
        1,
        null,
        1,
        1,
        null
      ],
      "/usr/home/ruupert/school/ror/eduroam-location-api/spec/views/institutions/edit.html.erb_spec.rb": [
        1,
        null,
        1,
        1,
        1,
        null,
        null,
        null,
        null,
        null,
        null,
        null,
        null,
        null,
        null,
        null,
        1,
        1,
        null,
        0,
        null,
        0,
        null,
        0,
        null,
        0,
        null,
        0,
        null,
        0,
        null,
        0,
        null,
        0,
        null,
        0,
        null,
        null,
        null
      ],
      "/usr/home/ruupert/school/ror/eduroam-location-api/spec/views/institutions/index.html.erb_spec.rb": [
        1,
        null,
        1,
        1,
        1,
        null,
        null,
        null,
        null,
        null,
        null,
        null,
        null,
        null,
        null,
        null,
        null,
        null,
        null,
        null,
        null,
        null,
        null,
        null,
        null,
        null,
        null,
        null,
        1,
        0,
        0,
        0,
        0,
        0,
        0,
        0,
        0,
        0,
        null,
        null
      ],
      "/usr/home/ruupert/school/ror/eduroam-location-api/spec/views/institutions/new.html.erb_spec.rb": [
        1,
        null,
        1,
        1,
        1,
        null,
        null,
        null,
        null,
        null,
        null,
        null,
        null,
        null,
        null,
        null,
        1,
        1,
        null,
        0,
        null,
        0,
        null,
        0,
        null,
        0,
        null,
        0,
        null,
        0,
        null,
        0,
        null,
        0,
        null,
        0,
        null,
        null,
        null
      ],
      "/usr/home/ruupert/school/ror/eduroam-location-api/spec/views/institutions/show.html.erb_spec.rb": [
        1,
        null,
        1,
        1,
        1,
        null,
        null,
        null,
        null,
        null,
        null,
        null,
        null,
        null,
        null,
        null,
        1,
        1,
        0,
        0,
        0,
        0,
        0,
        0,
        0,
        0,
        null,
        null
      ]
    },
    "timestamp": 1491972067
  }
}
